  main.cpp
b:\physics\realtime-physics-lab6_cs7057\lab1_cs7057\antons_maths_funcs.h(591): warning C4244: 'return': conversion from 'double' to 'float', possible loss of data
b:\physics\realtime-physics-lab6_cs7057\lab1_cs7057\antons_maths_funcs.h(595): warning C4244: 'initializing': conversion from 'double' to 'float', possible loss of data
b:\physics\realtime-physics-lab6_cs7057\lab1_cs7057\antons_maths_funcs.h(942): warning C4244: 'initializing': conversion from 'double' to 'float', possible loss of data
b:\physics\realtime-physics-lab6_cs7057\lab1_cs7057\antons_maths_funcs.h(954): warning C4244: 'initializing': conversion from 'double' to 'float', possible loss of data
b:\physics\realtime-physics-lab6_cs7057\lab1_cs7057\antons_maths_funcs.h(966): warning C4244: 'initializing': conversion from 'double' to 'float', possible loss of data
b:\physics\realtime-physics-lab6_cs7057\lab1_cs7057\antons_maths_funcs.h(1014): warning C4244: 'initializing': conversion from 'double' to 'float', possible loss of data
b:\physics\realtime-physics-lab6_cs7057\lab1_cs7057\antons_maths_funcs.h(1031): warning C4244: '=': conversion from 'double' to 'float', possible loss of data
b:\physics\realtime-physics-lab6_cs7057\lab1_cs7057\antons_maths_funcs.h(1032): warning C4244: '=': conversion from 'double' to 'float', possible loss of data
b:\physics\realtime-physics-lab6_cs7057\lab1_cs7057\antons_maths_funcs.h(1033): warning C4244: '=': conversion from 'double' to 'float', possible loss of data
b:\physics\realtime-physics-lab6_cs7057\lab1_cs7057\antons_maths_funcs.h(1034): warning C4244: '=': conversion from 'double' to 'float', possible loss of data
b:\physics\realtime-physics-lab6_cs7057\lab1_cs7057\antons_maths_funcs.h(1039): warning C4244: 'argument': conversion from 'double' to 'float', possible loss of data
b:\physics\realtime-physics-lab6_cs7057\lab1_cs7057\model.h(45): warning C4018: '>': signed/unsigned mismatch
b:\physics\realtime-physics-lab6_cs7057\lab1_cs7057\tetrahedral.h(5): warning C4067: unexpected tokens following preprocessor directive - expected a newline
b:\physics\realtime-physics-lab6_cs7057\lab1_cs7057\utilities.h(242): warning C4244: 'argument': conversion from 'double' to 'float', possible loss of data
b:\physics\realtime-physics-lab6_cs7057\lab1_cs7057\utilities.h(248): warning C4305: 'argument': truncation from 'double' to 'float'
b:\physics\realtime-physics-lab6_cs7057\lab1_cs7057\main.cpp(70): warning C4244: 'argument': conversion from 'const float' to 'int', possible loss of data
b:\physics\realtime-physics-lab6_cs7057\lab1_cs7057\main.cpp(94): warning C4244: 'argument': conversion from 'const float' to 'GLsizei', possible loss of data
b:\physics\realtime-physics-lab6_cs7057\lab1_cs7057\main.cpp(283): warning C4244: 'argument': conversion from 'const float' to 'int', possible loss of data
b:\physics\realtime-physics-lab6_cs7057\lab1_cs7057\main.cpp(289): warning C4244: 'argument': conversion from 'float' to 'int', possible loss of data
b:\physics\realtime-physics-lab6_cs7057\lab1_cs7057\main.cpp(310): warning C4305: 'argument': truncation from 'double' to 'float'
b:\physics\realtime-physics-lab6_cs7057\lab1_cs7057\main.cpp(329): warning C4244: 'argument': conversion from 'double' to 'float', possible loss of data
b:\physics\realtime-physics-lab6_cs7057\lab1_cs7057\main.cpp(335): warning C4305: 'argument': truncation from 'double' to 'float'
  Tetrahedral.cpp
b:\physics\realtime-physics-lab6_cs7057\lab1_cs7057\antons_maths_funcs.h(519): warning C4244: 'return': conversion from 'double' to 'float', possible loss of data
b:\physics\realtime-physics-lab6_cs7057\lab1_cs7057\antons_maths_funcs.h(523): warning C4244: 'return': conversion from 'double' to 'float', possible loss of data
b:\physics\realtime-physics-lab6_cs7057\lab1_cs7057\antons_maths_funcs.h(591): warning C4244: 'return': conversion from 'double' to 'float', possible loss of data
b:\physics\realtime-physics-lab6_cs7057\lab1_cs7057\antons_maths_funcs.h(595): warning C4244: 'initializing': conversion from 'double' to 'float', possible loss of data
b:\physics\realtime-physics-lab6_cs7057\lab1_cs7057\antons_maths_funcs.h(866): warning C4244: 'initializing': conversion from 'double' to 'float', possible loss of data
b:\physics\realtime-physics-lab6_cs7057\lab1_cs7057\antons_maths_funcs.h(868): warning C4244: 'initializing': conversion from 'double' to 'float', possible loss of data
b:\physics\realtime-physics-lab6_cs7057\lab1_cs7057\antons_maths_funcs.h(942): warning C4244: 'initializing': conversion from 'double' to 'float', possible loss of data
b:\physics\realtime-physics-lab6_cs7057\lab1_cs7057\antons_maths_funcs.h(944): warning C4244: '=': conversion from 'double' to 'float', possible loss of data
b:\physics\realtime-physics-lab6_cs7057\lab1_cs7057\antons_maths_funcs.h(945): warning C4244: '=': conversion from 'double' to 'float', possible loss of data
b:\physics\realtime-physics-lab6_cs7057\lab1_cs7057\antons_maths_funcs.h(946): warning C4244: '=': conversion from 'double' to 'float', possible loss of data
b:\physics\realtime-physics-lab6_cs7057\lab1_cs7057\antons_maths_funcs.h(947): warning C4244: '=': conversion from 'double' to 'float', possible loss of data
b:\physics\realtime-physics-lab6_cs7057\lab1_cs7057\antons_maths_funcs.h(954): warning C4244: 'initializing': conversion from 'double' to 'float', possible loss of data
b:\physics\realtime-physics-lab6_cs7057\lab1_cs7057\antons_maths_funcs.h(956): warning C4244: '=': conversion from 'double' to 'float', possible loss of data
b:\physics\realtime-physics-lab6_cs7057\lab1_cs7057\antons_maths_funcs.h(957): warning C4244: '=': conversion from 'double' to 'float', possible loss of data
b:\physics\realtime-physics-lab6_cs7057\lab1_cs7057\antons_maths_funcs.h(958): warning C4244: '=': conversion from 'double' to 'float', possible loss of data
b:\physics\realtime-physics-lab6_cs7057\lab1_cs7057\antons_maths_funcs.h(959): warning C4244: '=': conversion from 'double' to 'float', possible loss of data
b:\physics\realtime-physics-lab6_cs7057\lab1_cs7057\antons_maths_funcs.h(966): warning C4244: 'initializing': conversion from 'double' to 'float', possible loss of data
b:\physics\realtime-physics-lab6_cs7057\lab1_cs7057\antons_maths_funcs.h(968): warning C4244: '=': conversion from 'double' to 'float', possible loss of data
b:\physics\realtime-physics-lab6_cs7057\lab1_cs7057\antons_maths_funcs.h(969): warning C4244: '=': conversion from 'double' to 'float', possible loss of data
b:\physics\realtime-physics-lab6_cs7057\lab1_cs7057\antons_maths_funcs.h(970): warning C4244: '=': conversion from 'double' to 'float', possible loss of data
b:\physics\realtime-physics-lab6_cs7057\lab1_cs7057\antons_maths_funcs.h(971): warning C4244: '=': conversion from 'double' to 'float', possible loss of data
b:\physics\realtime-physics-lab6_cs7057\lab1_cs7057\antons_maths_funcs.h(1014): warning C4244: 'initializing': conversion from 'double' to 'float', possible loss of data
b:\physics\realtime-physics-lab6_cs7057\lab1_cs7057\antons_maths_funcs.h(1015): warning C4244: 'initializing': conversion from 'double' to 'float', possible loss of data
b:\physics\realtime-physics-lab6_cs7057\lab1_cs7057\antons_maths_funcs.h(1031): warning C4244: '=': conversion from 'double' to 'float', possible loss of data
b:\physics\realtime-physics-lab6_cs7057\lab1_cs7057\antons_maths_funcs.h(1032): warning C4244: '=': conversion from 'double' to 'float', possible loss of data
b:\physics\realtime-physics-lab6_cs7057\lab1_cs7057\antons_maths_funcs.h(1033): warning C4244: '=': conversion from 'double' to 'float', possible loss of data
b:\physics\realtime-physics-lab6_cs7057\lab1_cs7057\antons_maths_funcs.h(1034): warning C4244: '=': conversion from 'double' to 'float', possible loss of data
b:\physics\realtime-physics-lab6_cs7057\lab1_cs7057\antons_maths_funcs.h(1039): warning C4244: 'argument': conversion from 'double' to 'float', possible loss of data
b:\physics\realtime-physics-lab6_cs7057\lab1_cs7057\antons_maths_funcs.h(1079): warning C4244: 'initializing': conversion from 'double' to 'float', possible loss of data
b:\physics\realtime-physics-lab6_cs7057\lab1_cs7057\antons_maths_funcs.h(1105): warning C4244: 'initializing': conversion from 'double' to 'float', possible loss of data
b:\physics\realtime-physics-lab6_cs7057\lab1_cs7057\antons_maths_funcs.h(1115): warning C4244: 'initializing': conversion from 'double' to 'float', possible loss of data
b:\physics\realtime-physics-lab6_cs7057\lab1_cs7057\antons_maths_funcs.h(1116): warning C4244: 'initializing': conversion from 'double' to 'float', possible loss of data
b:\physics\realtime-physics-lab6_cs7057\lab1_cs7057\antons_maths_funcs.h(1117): warning C4244: 'initializing': conversion from 'double' to 'float', possible loss of data
b:\physics\realtime-physics-lab6_cs7057\lab1_cs7057\tetrahedral.h(5): warning C4067: unexpected tokens following preprocessor directive - expected a newline
b:\physics\realtime-physics-lab6_cs7057\lab1_cs7057\tetrahedral.cpp(16): warning C4018: '<': signed/unsigned mismatch
b:\physics\realtime-physics-lab6_cs7057\lab1_cs7057\tetrahedral.cpp(108): warning C4018: '<': signed/unsigned mismatch
b:\physics\realtime-physics-lab6_cs7057\lab1_cs7057\tetrahedral.cpp(169): warning C4244: 'argument': conversion from 'double' to 'float', possible loss of data
b:\physics\realtime-physics-lab6_cs7057\lab1_cs7057\tetrahedral.cpp(175): warning C4305: 'argument': truncation from 'double' to 'float'
b:\physics\realtime-physics-lab6_cs7057\lab1_cs7057\tetrahedral.cpp(203): warning C4018: '<': signed/unsigned mismatch
b:\physics\realtime-physics-lab6_cs7057\lab1_cs7057\tetrahedral.cpp(216): warning C4018: '<': signed/unsigned mismatch
b:\physics\realtime-physics-lab6_cs7057\lab1_cs7057\tetrahedral.cpp(221): warning C4305: 'initializing': truncation from 'double' to 'float'
  Generating Code...
  Lab1_CS7057.vcxproj -> B:\Physics\Realtime-Physics-Lab6_CS7057\Debug\Lab6.exe
  Lab1_CS7057.vcxproj -> B:\Physics\Realtime-Physics-Lab6_CS7057\Debug\Lab6.pdb (Full PDB)
